# JRE version: OpenJDK Runtime Environment (17.0.6) (build 17.0.6+0-b2043.56-10027231)
# Java VM: OpenJDK 64-Bit Server VM (17.0.6+0-b2043.56-10027231, mixed mode, tiered, compressed oops, compressed class ptrs, g1 gc, windows-amd64)
GC Precious Log:
 CPUs: 4 total, 4 available
 Memory: 8072M
 Large Page Support: Disabled
 NUMA Support: Disabled
 Compressed Oops: Enabled (32-bit)
 Heap Region Size: 1M
 Heap Min Capacity: 8M
 Heap Initial Capacity: 128M
 Heap Max Capacity: 2020M
 Pre-touch: Disabled
 Parallel Workers: 4
 Concurrent Workers: 1
 Concurrent Refinement Workers: 4
 Periodic GC: Disabled
Heap:
 garbage-first heap   total 104448K, used 50143K [0x0000000081c00000, 0x0000000100000000)
  region size 1024K, 2 young (2048K), 2 survivors (2048K)
 Metaspace       used 59429K, committed 59776K, reserved 1105920K
  class space    used 6934K, committed 7104K, reserved 1048576K
GC Heap History (20 events):
Event: 7.221 GC heap after
{Heap after GC invocations=15 (full 0):
 garbage-first heap   total 69632K, used 28926K [0x0000000081c00000, 0x0000000100000000)
  region size 1024K, 3 young (3072K), 3 survivors (3072K)
 Metaspace       used 49101K, committed 49344K, reserved 1097728K
  class space    used 5990K, committed 6080K, reserved 1048576K
}
Event: 7.681 GC heap before
{Heap before GC invocations=15 (full 0):
 garbage-first heap   total 69632K, used 52478K [0x0000000081c00000, 0x0000000100000000)
  region size 1024K, 25 young (25600K), 3 survivors (3072K)
 Metaspace       used 51281K, committed 51520K, reserved 1097728K
  class space    used 6219K, committed 6336K, reserved 1048576K
}
Event: 7.692 GC heap after
{Heap after GC invocations=16 (full 0):
 garbage-first heap   total 69632K, used 30912K [0x0000000081c00000, 0x0000000100000000)
  region size 1024K, 2 young (2048K), 2 survivors (2048K)
 Metaspace       used 51281K, committed 51520K, reserved 1097728K
  class space    used 6219K, committed 6336K, reserved 1048576K
}
Event: 8.311 GC heap before
{Heap before GC invocations=16 (full 0):
 garbage-first heap   total 69632K, used 52416K [0x0000000081c00000, 0x0000000100000000)
  region size 1024K, 23 young (23552K), 2 survivors (2048K)
 Metaspace       used 52509K, committed 52800K, reserved 1097728K
  class space    used 6297K, committed 6400K, reserved 1048576K
}
Event: 8.323 GC heap after
{Heap after GC invocations=17 (full 0):
 garbage-first heap   total 69632K, used 33285K [0x0000000081c00000, 0x0000000100000000)
  region size 1024K, 3 young (3072K), 3 survivors (3072K)
 Metaspace       used 52509K, committed 52800K, reserved 1097728K
  class space    used 6297K, committed 6400K, reserved 1048576K
}
Event: 9.050 GC heap before
{Heap before GC invocations=17 (full 0):
 garbage-first heap   total 69632K, used 53765K [0x0000000081c00000, 0x0000000100000000)
  region size 1024K, 23 young (23552K), 3 survivors (3072K)
 Metaspace       used 53231K, committed 53504K, reserved 1097728K
  class space    used 6330K, committed 6464K, reserved 1048576K
}
Event: 9.071 GC heap after
{Heap after GC invocations=18 (full 0):
 garbage-first heap   total 69632K, used 37224K [0x0000000081c00000, 0x0000000100000000)
  region size 1024K, 3 young (3072K), 3 survivors (3072K)
 Metaspace       used 53231K, committed 53504K, reserved 1097728K
  class space    used 6330K, committed 6464K, reserved 1048576K
}
Event: 9.353 GC heap before
{Heap before GC invocations=18 (full 0):
 garbage-first heap   total 69632K, used 52584K [0x0000000081c00000, 0x0000000100000000)
  region size 1024K, 19 young (19456K), 3 survivors (3072K)
 Metaspace       used 54064K, committed 54272K, reserved 1097728K
  class space    used 6410K, committed 6528K, reserved 1048576K
}
Event: 9.369 GC heap after
{Heap after GC invocations=19 (full 0):
 garbage-first heap   total 83968K, used 39408K [0x0000000081c00000, 0x0000000100000000)
  region size 1024K, 2 young (2048K), 2 survivors (2048K)
 Metaspace       used 54064K, committed 54272K, reserved 1097728K
  class space    used 6410K, committed 6528K, reserved 1048576K
}
Event: 10.138 GC heap before
{Heap before GC invocations=20 (full 0):
 garbage-first heap   total 83968K, used 63984K [0x0000000081c00000, 0x0000000100000000)
  region size 1024K, 26 young (26624K), 2 survivors (2048K)
 Metaspace       used 55312K, committed 55552K, reserved 1105920K
  class space    used 6566K, committed 6656K, reserved 1048576K
}
Event: 10.150 GC heap after
{Heap after GC invocations=21 (full 0):
 garbage-first heap   total 83968K, used 42292K [0x0000000081c00000, 0x0000000100000000)
  region size 1024K, 4 young (4096K), 4 survivors (4096K)
 Metaspace       used 55312K, committed 55552K, reserved 1105920K
  class space    used 6566K, committed 6656K, reserved 1048576K
}
Event: 10.173 GC heap before
{Heap before GC invocations=21 (full 0):
 garbage-first heap   total 83968K, used 43316K [0x0000000081c00000, 0x0000000100000000)
  region size 1024K, 5 young (5120K), 4 survivors (4096K)
 Metaspace       used 55328K, committed 55616K, reserved 1105920K
  class space    used 6566K, committed 6656K, reserved 1048576K
}
Event: 10.187 GC heap after
{Heap after GC invocations=22 (full 0):
 garbage-first heap   total 83968K, used 42506K [0x0000000081c00000, 0x0000000100000000)
  region size 1024K, 1 young (1024K), 1 survivors (1024K)
 Metaspace       used 55328K, committed 55616K, reserved 1105920K
  class space    used 6566K, committed 6656K, reserved 1048576K
}
Event: 10.826 GC heap before
{Heap before GC invocations=22 (full 0):
 garbage-first heap   total 83968K, used 65034K [0x0000000081c00000, 0x0000000100000000)
  region size 1024K, 23 young (23552K), 1 survivors (1024K)
 Metaspace       used 56737K, committed 57088K, reserved 1105920K
  class space    used 6698K, committed 6848K, reserved 1048576K
}
Event: 10.836 GC heap after
{Heap after GC invocations=23 (full 0):
 garbage-first heap   total 83968K, used 45722K [0x0000000081c00000, 0x0000000100000000)
  region size 1024K, 3 young (3072K), 3 survivors (3072K)
 Metaspace       used 56737K, committed 57088K, reserved 1105920K
  class space    used 6698K, committed 6848K, reserved 1048576K
}
Event: 11.512 GC heap before
{Heap before GC invocations=24 (full 0):
 garbage-first heap   total 83968K, used 66202K [0x0000000081c00000, 0x0000000100000000)
  region size 1024K, 23 young (23552K), 3 survivors (3072K)
 Metaspace       used 57565K, committed 57920K, reserved 1105920K
  class space    used 6751K, committed 6912K, reserved 1048576K
}
Event: 11.527 GC heap after
{Heap after GC invocations=25 (full 0):
 garbage-first heap   total 83968K, used 48933K [0x0000000081c00000, 0x0000000100000000)
  region size 1024K, 3 young (3072K), 3 survivors (3072K)
 Metaspace       used 57565K, committed 57920K, reserved 1105920K
  class space    used 6751K, committed 6912K, reserved 1048576K
}
Event: 11.588 GC heap before
{Heap before GC invocations=25 (full 0):
 garbage-first heap   total 83968K, used 49957K [0x0000000081c00000, 0x0000000100000000)
  region size 1024K, 4 young (4096K), 3 survivors (3072K)
 Metaspace       used 57654K, committed 57984K, reserved 1105920K
  class space    used 6762K, committed 6912K, reserved 1048576K
}
Event: 11.597 GC heap after
{Heap after GC invocations=26 (full 0):
 garbage-first heap   total 83968K, used 48956K [0x0000000081c00000, 0x0000000100000000)
  region size 1024K, 1 young (1024K), 1 survivors (1024K)
 Metaspace       used 57654K, committed 57984K, reserved 1105920K
  class space    used 6762K, committed 6912K, reserved 1048576K
}
Event: 12.257 GC heap before
{Heap before GC invocations=26 (full 0):
 garbage-first heap   total 83968K, used 66364K [0x0000000081c00000, 0x0000000100000000)
  region size 1024K, 18 young (18432K), 1 survivors (1024K)
 Metaspace       used 59429K, committed 59776K, reserved 1105920K
  class space    used 6934K, committed 7104K, reserved 1048576K
}

