# JRE version: OpenJDK Runtime Environment (17.0.6) (build 17.0.6+0-b2043.56-10027231)
# Java VM: OpenJDK 64-Bit Server VM (17.0.6+0-b2043.56-10027231, mixed mode, tiered, compressed oops, compressed class ptrs, g1 gc, windows-amd64)
GC Precious Log:
 CPUs: 4 total, 4 available
 Memory: 8072M
 Large Page Support: Disabled
 NUMA Support: Disabled
 Compressed Oops: Enabled (32-bit)
 Heap Region Size: 1M
 Heap Min Capacity: 8M
 Heap Initial Capacity: 128M
 Heap Max Capacity: 2G
 Pre-touch: Disabled
 Parallel Workers: 4
 Concurrent Workers: 1
 Concurrent Refinement Workers: 4
 Periodic GC: Disabled
Heap:
 garbage-first heap   total 131072K, used 64637K [0x0000000080000000, 0x0000000100000000)
  region size 1024K, 1 young (1024K), 1 survivors (1024K)
 Metaspace       used 52305K, committed 52672K, reserved 1097728K
  class space    used 6930K, committed 7104K, reserved 1048576K
GC Heap History (20 events):
Event: 8.728 GC heap after
{Heap after GC invocations=10 (full 0):
 garbage-first heap   total 83968K, used 49342K [0x0000000080000000, 0x0000000100000000)
  region size 1024K, 2 young (2048K), 2 survivors (2048K)
 Metaspace       used 30624K, committed 31040K, reserved 1081344K
  class space    used 4159K, committed 4352K, reserved 1048576K
}
Event: 9.095 GC heap before
{Heap before GC invocations=10 (full 0):
 garbage-first heap   total 83968K, used 64702K [0x0000000080000000, 0x0000000100000000)
  region size 1024K, 17 young (17408K), 2 survivors (2048K)
 Metaspace       used 32593K, committed 33024K, reserved 1081344K
  class space    used 4494K, committed 4672K, reserved 1048576K
}
Event: 9.098 GC heap after
{Heap after GC invocations=11 (full 0):
 garbage-first heap   total 83968K, used 49840K [0x0000000080000000, 0x0000000100000000)
  region size 1024K, 1 young (1024K), 1 survivors (1024K)
 Metaspace       used 32593K, committed 33024K, reserved 1081344K
  class space    used 4494K, committed 4672K, reserved 1048576K
}
Event: 9.522 GC heap before
{Heap before GC invocations=12 (full 0):
 garbage-first heap   total 89088K, used 65200K [0x0000000080000000, 0x0000000100000000)
  region size 1024K, 16 young (16384K), 1 survivors (1024K)
 Metaspace       used 34846K, committed 35200K, reserved 1081344K
  class space    used 4846K, committed 4992K, reserved 1048576K
}
Event: 9.526 GC heap after
{Heap after GC invocations=13 (full 0):
 garbage-first heap   total 89088K, used 50456K [0x0000000080000000, 0x0000000100000000)
  region size 1024K, 2 young (2048K), 2 survivors (2048K)
 Metaspace       used 34846K, committed 35200K, reserved 1081344K
  class space    used 4846K, committed 4992K, reserved 1048576K
}
Event: 9.974 GC heap before
{Heap before GC invocations=13 (full 0):
 garbage-first heap   total 89088K, used 68888K [0x0000000080000000, 0x0000000100000000)
  region size 1024K, 21 young (21504K), 2 survivors (2048K)
 Metaspace       used 38227K, committed 38528K, reserved 1089536K
  class space    used 5169K, committed 5312K, reserved 1048576K
}
Event: 9.979 GC heap after
{Heap after GC invocations=14 (full 0):
 garbage-first heap   total 89088K, used 52672K [0x0000000080000000, 0x0000000100000000)
  region size 1024K, 3 young (3072K), 3 survivors (3072K)
 Metaspace       used 38227K, committed 38528K, reserved 1089536K
  class space    used 5169K, committed 5312K, reserved 1048576K
}
Event: 10.249 GC heap before
{Heap before GC invocations=15 (full 0):
 garbage-first heap   total 104448K, used 72128K [0x0000000080000000, 0x0000000100000000)
  region size 1024K, 22 young (22528K), 3 survivors (3072K)
 Metaspace       used 40361K, committed 40768K, reserved 1089536K
  class space    used 5571K, committed 5760K, reserved 1048576K
}
Event: 10.256 GC heap after
{Heap after GC invocations=16 (full 0):
 garbage-first heap   total 125952K, used 53811K [0x0000000080000000, 0x0000000100000000)
  region size 1024K, 2 young (2048K), 2 survivors (2048K)
 Metaspace       used 40361K, committed 40768K, reserved 1089536K
  class space    used 5571K, committed 5760K, reserved 1048576K
}
Event: 11.378 GC heap before
{Heap before GC invocations=16 (full 0):
 garbage-first heap   total 125952K, used 100915K [0x0000000080000000, 0x0000000100000000)
  region size 1024K, 45 young (46080K), 2 survivors (2048K)
 Metaspace       used 48958K, committed 49408K, reserved 1097728K
  class space    used 6480K, committed 6656K, reserved 1048576K
}
Event: 11.387 GC heap after
{Heap after GC invocations=17 (full 0):
 garbage-first heap   total 125952K, used 58838K [0x0000000080000000, 0x0000000100000000)
  region size 1024K, 6 young (6144K), 6 survivors (6144K)
 Metaspace       used 48958K, committed 49408K, reserved 1097728K
  class space    used 6480K, committed 6656K, reserved 1048576K
}
Event: 12.187 GC heap before
{Heap before GC invocations=17 (full 0):
 garbage-first heap   total 125952K, used 102870K [0x0000000080000000, 0x0000000100000000)
  region size 1024K, 46 young (47104K), 6 survivors (6144K)
 Metaspace       used 51959K, committed 52416K, reserved 1097728K
  class space    used 6926K, committed 7104K, reserved 1048576K
}
Event: 12.199 GC heap after
{Heap after GC invocations=18 (full 0):
 garbage-first heap   total 125952K, used 64518K [0x0000000080000000, 0x0000000100000000)
  region size 1024K, 3 young (3072K), 3 survivors (3072K)
 Metaspace       used 51959K, committed 52416K, reserved 1097728K
  class space    used 6926K, committed 7104K, reserved 1048576K
}
Event: 12.210 GC heap before
{Heap before GC invocations=18 (full 0):
 garbage-first heap   total 125952K, used 66566K [0x0000000080000000, 0x0000000100000000)
  region size 1024K, 6 young (6144K), 3 survivors (3072K)
 Metaspace       used 52000K, committed 52416K, reserved 1097728K
  class space    used 6929K, committed 7104K, reserved 1048576K
}
Event: 12.215 GC heap after
{Heap after GC invocations=19 (full 0):
 garbage-first heap   total 125952K, used 60960K [0x0000000080000000, 0x0000000100000000)
  region size 1024K, 2 young (2048K), 2 survivors (2048K)
 Metaspace       used 52000K, committed 52416K, reserved 1097728K
  class space    used 6929K, committed 7104K, reserved 1048576K
}
Event: 12.569 GC heap before
{Heap before GC invocations=20 (full 0):
 garbage-first heap   total 125952K, used 103968K [0x0000000080000000, 0x0000000100000000)
  region size 1024K, 42 young (43008K), 2 survivors (2048K)
 Metaspace       used 52267K, committed 52672K, reserved 1097728K
  class space    used 6929K, committed 7104K, reserved 1048576K
}
Event: 12.574 GC heap after
{Heap after GC invocations=21 (full 0):
 garbage-first heap   total 125952K, used 64655K [0x0000000080000000, 0x0000000100000000)
  region size 1024K, 3 young (3072K), 3 survivors (3072K)
 Metaspace       used 52267K, committed 52672K, reserved 1097728K
  class space    used 6929K, committed 7104K, reserved 1048576K
}
Event: 12.586 GC heap before
{Heap before GC invocations=21 (full 0):
 garbage-first heap   total 125952K, used 66703K [0x0000000080000000, 0x0000000100000000)
  region size 1024K, 6 young (6144K), 3 survivors (3072K)
 Metaspace       used 52273K, committed 52672K, reserved 1097728K
  class space    used 6929K, committed 7104K, reserved 1048576K
}
Event: 12.590 GC heap after
{Heap after GC invocations=22 (full 0):
 garbage-first heap   total 125952K, used 64864K [0x0000000080000000, 0x0000000100000000)
  region size 1024K, 1 young (1024K), 1 survivors (1024K)
 Metaspace       used 52273K, committed 52672K, reserved 1097728K
  class space    used 6929K, committed 7104K, reserved 1048576K
}
Event: 12.719 GC heap before
{Heap before GC invocations=22 (full 0):
 garbage-first heap   total 125952K, used 85344K [0x0000000080000000, 0x0000000100000000)
  region size 1024K, 22 young (22528K), 1 survivors (1024K)
 Metaspace       used 52305K, committed 52672K, reserved 1097728K
  class space    used 6930K, committed 7104K, reserved 1048576K
}

